============================= test session starts ==============================
platform darwin -- Python 3.7.3, pytest-6.2.5, py-1.11.0, pluggy-1.0.0
rootdir: /Users/elieattias/Desktop/pack/team30/tests
plugins: anyio-3.5.0, arraydiff-0.3, hypothesis-6.29.3, remotedata-0.3.2, mock-3.6.1, filter-subpackage-0.1.1, openfiles-0.5.0, doctestplus-0.11.1, astropy-header-0.1.2, cov-3.0.0
collected 0 items / 3 errors

==================================== ERRORS ====================================
_____________________ ERROR collecting test_dual_number.py _____________________
ImportError while importing test module '/Users/elieattias/Desktop/pack/team30/tests/test_dual_number.py'.
Hint: make sure your test modules/packages have valid Python names.
Traceback:
../../../../anaconda3/lib/python3.7/importlib/__init__.py:127: in import_module
    return _bootstrap._gcd_import(name[level:], package, level)
test_dual_number.py:4: in <module>
    from autodiff30.dual import DualNumber
E   ModuleNotFoundError: No module named 'autodiff30.dual'
___________________ ERROR collecting test_math_functions.py ____________________
ImportError while importing test module '/Users/elieattias/Desktop/pack/team30/tests/test_math_functions.py'.
Hint: make sure your test modules/packages have valid Python names.
Traceback:
../../../../anaconda3/lib/python3.7/importlib/__init__.py:127: in import_module
    return _bootstrap._gcd_import(name[level:], package, level)
test_math_functions.py:4: in <module>
    from autodiff30.dual import DualNumber
E   ModuleNotFoundError: No module named 'autodiff30.dual'
_____________________ ERROR collecting test_usel_level.py ______________________
ImportError while importing test module '/Users/elieattias/Desktop/pack/team30/tests/test_usel_level.py'.
Hint: make sure your test modules/packages have valid Python names.
Traceback:
../../../../anaconda3/lib/python3.7/importlib/__init__.py:127: in import_module
    return _bootstrap._gcd_import(name[level:], package, level)
test_usel_level.py:4: in <module>
    from autodiff30.ad import adstruc, adfunction
../src/autodiff30/autodiff30/ad.py:3: in <module>
    from dual import DualNumber
E   ModuleNotFoundError: No module named 'dual'

---------- coverage: platform darwin, python 3.7.3-final-0 -----------
Name                                                                          Stmts   Miss  Cover   Missing
-----------------------------------------------------------------------------------------------------------
/Users/elieattias/Desktop/pack/team30/src/autodiff30/autodiff30/__init__.py       0      0   100%
/Users/elieattias/Desktop/pack/team30/src/autodiff30/autodiff30/ad.py            20     19     5%   6-42
-----------------------------------------------------------------------------------------------------------
TOTAL                                                                            20     19     5%

=========================== short test summary info ============================
ERROR test_dual_number.py
ERROR test_math_functions.py
ERROR test_usel_level.py
!!!!!!!!!!!!!!!!!!! Interrupted: 3 errors during collection !!!!!!!!!!!!!!!!!!!!
============================== 3 errors in 0.16s ===============================
